c:\users\scott\desktop\scanner\scanner\debug\vc120.pdb
c:\users\scott\desktop\scanner\scanner\debug\vc120.idb
c:\users\scott\desktop\scanner\scanner\debug\driver.nativecodeanalysis.xml
c:\users\scott\desktop\scanner\scanner\debug\error.nativecodeanalysis.xml
c:\users\scott\desktop\scanner\scanner\debug\parser.nativecodeanalysis.xml
c:\users\scott\desktop\scanner\scanner\debug\preprocessor.nativecodeanalysis.xml
c:\users\scott\desktop\scanner\scanner\debug\scanner.nativecodeanalysis.xml
c:\users\scott\desktop\scanner\scanner\debug\symboltable.nativecodeanalysis.xml
c:\users\scott\desktop\scanner\scanner\debug\tableentry.nativecodeanalysis.xml
c:\users\scott\desktop\scanner\scanner\debug\tableentry.obj
c:\users\scott\desktop\scanner\scanner\debug\symboltable.obj
c:\users\scott\desktop\scanner\scanner\debug\scanner.obj
c:\users\scott\desktop\scanner\scanner\debug\preprocessor.obj
c:\users\scott\desktop\scanner\scanner\debug\parser.obj
c:\users\scott\desktop\scanner\scanner\debug\error.obj
c:\users\scott\desktop\scanner\scanner\debug\driver.obj
c:\users\scott\desktop\scanner\debug\scanner.ilk
c:\users\scott\desktop\scanner\debug\scanner.exe
c:\users\scott\desktop\scanner\debug\scanner.pdb
c:\users\scott\desktop\scanner\scanner\debug\nativecodeanalysis.read.1.tlog
c:\users\scott\desktop\scanner\scanner\debug\vc.nativecodeanalysis.all.xml
c:\users\scott\desktop\scanner\debug\scanner.exe.lastcodeanalysissucceeded
c:\users\scott\desktop\scanner\scanner\debug\scanner.tlog\cl.command.1.tlog
c:\users\scott\desktop\scanner\scanner\debug\scanner.tlog\cl.read.1.tlog
c:\users\scott\desktop\scanner\scanner\debug\scanner.tlog\cl.write.1.tlog
c:\users\scott\desktop\scanner\scanner\debug\scanner.tlog\link.command.1.tlog
c:\users\scott\desktop\scanner\scanner\debug\scanner.tlog\link.read.1.tlog
c:\users\scott\desktop\scanner\scanner\debug\scanner.tlog\link.write.1.tlog
