Build started 3/20/2015 7:45:16 PM.
     1>Project "C:\Users\Scott\Desktop\Scanner\Scanner\Scanner.vcxproj" on node 2 (Build target(s)).
     1>ClCompile:
         C:\Program Files (x86)\Microsoft Visual Studio 12.0\VC\bin\CL.exe /c /Zi /nologo /W3 /WX- /sdl /O2 /Oi /Oy- /GL /D WIN32 /D NDEBUG /D _CONSOLE /D _UNICODE /D UNICODE /Gm- /EHsc /MD /GS /Gy /fp:precise /Zc:wchar_t /Zc:forScope /Fo"Release\\" /Fd"Release\vc120.pdb" /Gd /TP /analyze- /errorReport:prompt Driver.cpp Error.cpp Scanner.cpp SymbolTable.cpp TableEntry.cpp
         Driver.cpp
     1>c:\users\scott\desktop\scanner\scanner\Scanner.cpp(15): warning C4067: unexpected tokens following preprocessor directive - expected a newline
     1>c:\users\scott\desktop\scanner\scanner\Scanner.cpp(41): warning C4018: '<' : signed/unsigned mismatch
     1>c:\users\scott\desktop\scanner\scanner\Scanner.cpp(74): warning C4018: '<' : signed/unsigned mismatch
     1>c:\users\scott\desktop\scanner\scanner\Scanner.cpp(270): warning C4018: '<' : signed/unsigned mismatch
     1>Driver.cpp(13): warning C4067: unexpected tokens following preprocessor directive - expected a newline
         Error.cpp
         Scanner.cpp
     1>Scanner.cpp(15): warning C4067: unexpected tokens following preprocessor directive - expected a newline
     1>Scanner.cpp(41): warning C4018: '<' : signed/unsigned mismatch
     1>Scanner.cpp(74): warning C4018: '<' : signed/unsigned mismatch
     1>Scanner.cpp(270): warning C4018: '<' : signed/unsigned mismatch
         SymbolTable.cpp
         TableEntry.cpp
       Link:
         C:\Program Files (x86)\Microsoft Visual Studio 12.0\VC\bin\link.exe /ERRORREPORT:PROMPT /OUT:"C:\Users\Scott\Desktop\Scanner\Release\Scanner.exe" /INCREMENTAL:NO /NOLOGO kernel32.lib user32.lib gdi32.lib winspool.lib comdlg32.lib advapi32.lib shell32.lib ole32.lib oleaut32.lib uuid.lib odbc32.lib odbccp32.lib /MANIFEST /MANIFESTUAC:"level='asInvoker' uiAccess='false'" /manifest:embed /DEBUG /PDB:"C:\Users\Scott\Desktop\Scanner\Release\Scanner.pdb" /SUBSYSTEM:CONSOLE /OPT:REF /OPT:ICF /LTCG /TLBID:1 /DYNAMICBASE /NXCOMPAT /IMPLIB:"C:\Users\Scott\Desktop\Scanner\Release\Scanner.lib" /MACHINE:X86 /SAFESEH Release\Driver.obj
         Release\Error.obj
         Release\Scanner.obj
         Release\SymbolTable.obj
         Release\TableEntry.obj
         Generating code
         Finished generating code
         Scanner.vcxproj -> C:\Users\Scott\Desktop\Scanner\Release\Scanner.exe
     1>Done Building Project "C:\Users\Scott\Desktop\Scanner\Scanner\Scanner.vcxproj" (Build target(s)).

Build succeeded.

Time Elapsed 00:00:08.13
